<?xml version="1.0" encoding="UTF-8"?>
<!-- Generated by org.testng.reporters.JUnitReportReporter -->
<testsuite hostname="ShilpaTailor-PC" name="testcases.DummyTestB" tests="1" failures="0" timestamp="20 Sep 2019 13:17:02 GMT" time="36.470" errors="0">
  <testcase name="testB" time="36.470" classname="testcases.DummyTestB"/>
</testsuite> <!-- testcases.DummyTestB -->
